.\Enhanced-AD-User-Managment.ps1 -CreateUsersFromCSV -csvpath C:\data\new_SHS_82.csv  

AUSFÜHRLICH: Verwende Skriptverzeichnis als Basis für Standardpfade: C:\Daten\Scripte\wip
AUSFÜHRLICH: Verwende 'Enhanced-AD-User-Managment' als Präfix für Log-/Berichts-/Exportdateien.
AUSFÜHRLICH: Log-Datei wird sein: C:\Daten\Scripte\wip\Enhanced-AD-User-Managment_CreateUsersFromCSV_20250506-131224.log
AUSFÜHRLICH: Aktionsbericht wird erstellt: C:\Daten\Scripte\wip\Enhanced-AD-User-Managment_UserReport_20250506-131224.csv
AUSFÜHRLICH: Initialisierung abgeschlossen. Wechsle zur Prozess-Phase.
AUSFÜHRLICH: Beginne Prozess-Phase. Ausgewählter Modus: CreateUsersFromCSV
[INFO] Starte Modus: CreateUsersFromCSV
[INFO] Lese CSV-Datei: C:\data\new_SHS_82.csv
WARNUNG: Mindestens ein Header war nicht angegeben. Für jeden fehlenden Header wurde ein mit "H" beginnender Standardname verwe
ndet.
[INFO] 28 Einträge in CSV-Datei gefunden.
[INFO] Kein Referenzbenutzer (Template) angegeben (-ReferenceUserSamAccountName). Attribute/Gruppen werden nur aus CSV übernomm
en.
[INFO] Beginne Verarbeitung der CSV-Einträge...
[INFO] Beginne Verarbeitung zur Erstellung von Benutzer 'L1101646'.
AUSFÜHRLICH: Verwende Ziel-OU aus Datenquelle 'OU=Benutzer,OU=82,OU=Polizei-NRW-PB-PE-2012,DC=polizei,DC=nrw,DC=de' für 'L11016
46'.
WARNUNG: Verwende Passwort aus Datenquelle für 'L1101646'. ACHTUNG: Klartextpasswörter sind ein Sicherheitsrisiko!
WARNUNG: Fehler beim Prüfen, ob Benutzer 'L1101646' existiert: Benutzer 'L1101646' existiert bereits im AD. Überspringe Eintrag
..
AUSFÜHRLICH: Ziel-OU 'OU=Benutzer,OU=82,OU=Polizei-NRW-PB-PE-2012,DC=polizei,DC=nrw,DC=de' für 'L1101646' ist gültig.
[INFO] Erstelle Benutzer 'L1101646' in OU 'OU=Benutzer,OU=82,OU=Polizei-NRW-PB-PE-2012,DC=polizei,DC=nrw,DC=de'.
Write-Log : Fehler beim Erstellen des Benutzers 'L1101646': Das angegebene Konto ist bereits vorhanden
In C:\Daten\Scripte\wip\Enhanced-AD-User-Managment.ps1:827 Zeichen:18
+                  Write-Log -Level Error -Message $msg
+                  ~~~~~~~~~~~~~~~~~~~~~~~~~~~~~~~~~~~~
    + CategoryInfo          : NotSpecified: (:) [Write-Error], WriteErrorException
    + FullyQualifiedErrorId : Microsoft.PowerShell.Commands.WriteErrorException,Write-Log
 
